<?xml version="1.0" encoding="UTF-8"?>
<testng-results ignored="0" total="4" passed="4" failed="0" skipped="0">
  <reporter-output>
  </reporter-output>
  <suite started-at="2024-06-08T13:22:43 IST" name="Suite" finished-at="2024-06-08T13:22:48 IST" duration-ms="4859">
    <groups>
    </groups>
    <test started-at="2024-06-08T13:22:43 IST" name="Test" finished-at="2024-06-08T13:22:48 IST" duration-ms="4859">
      <class name="test.pack.ng.Demo4">
        <test-method signature="f()[pri:0, instance:test.pack.ng.Demo4@6392827e]" started-at="2024-06-08T13:22:43 IST" name="f" finished-at="2024-06-08T13:22:43 IST" duration-ms="3" status="PASS">
          <reporter-output>
          </reporter-output>
        </test-method> <!-- f -->
      </class> <!-- test.pack.ng.Demo4 -->
      <class name="test.pack.ng.Demo3">
        <test-method signature="f()[pri:0, instance:test.pack.ng.Demo3@32502377]" started-at="2024-06-08T13:22:43 IST" name="f" finished-at="2024-06-08T13:22:43 IST" duration-ms="1" status="PASS">
          <reporter-output>
          </reporter-output>
        </test-method> <!-- f -->
      </class> <!-- test.pack.ng.Demo3 -->
      <class name="test.pack.ng.Demo2">
        <test-method signature="f()[pri:0, instance:test.pack.ng.Demo2@2c1b194a]" started-at="2024-06-08T13:22:43 IST" name="f" finished-at="2024-06-08T13:22:48 IST" duration-ms="4818" status="PASS">
          <reporter-output>
          </reporter-output>
        </test-method> <!-- f -->
      </class> <!-- test.pack.ng.Demo2 -->
      <class name="test.pack.ng.Demo1">
        <test-method is-config="true" signature="beforeSuite()[pri:0, instance:test.pack.ng.Demo1@242b836]" started-at="2024-06-08T13:22:43 IST" name="beforeSuite" finished-at="2024-06-08T13:22:43 IST" duration-ms="5" status="PASS">
          <reporter-output>
          </reporter-output>
        </test-method> <!-- beforeSuite -->
        <test-method is-config="true" signature="beforeTest()[pri:0, instance:test.pack.ng.Demo1@242b836]" started-at="2024-06-08T13:22:43 IST" name="beforeTest" finished-at="2024-06-08T13:22:43 IST" duration-ms="0" status="PASS">
          <reporter-output>
          </reporter-output>
        </test-method> <!-- beforeTest -->
        <test-method is-config="true" signature="beforeClass()[pri:0, instance:test.pack.ng.Demo1@242b836]" started-at="2024-06-08T13:22:48 IST" name="beforeClass" finished-at="2024-06-08T13:22:48 IST" duration-ms="0" status="PASS">
          <reporter-output>
          </reporter-output>
        </test-method> <!-- beforeClass -->
        <test-method is-config="true" signature="beforeMethod()[pri:0, instance:test.pack.ng.Demo1@242b836]" started-at="2024-06-08T13:22:48 IST" name="beforeMethod" finished-at="2024-06-08T13:22:48 IST" duration-ms="0" status="PASS">
          <reporter-output>
          </reporter-output>
        </test-method> <!-- beforeMethod -->
        <test-method signature="Login()[pri:0, instance:test.pack.ng.Demo1@242b836]" started-at="2024-06-08T13:22:48 IST" name="Login" finished-at="2024-06-08T13:22:48 IST" duration-ms="0" status="PASS">
          <reporter-output>
          </reporter-output>
        </test-method> <!-- Login -->
        <test-method is-config="true" signature="afterMethod()[pri:0, instance:test.pack.ng.Demo1@242b836]" started-at="2024-06-08T13:22:48 IST" name="afterMethod" finished-at="2024-06-08T13:22:48 IST" duration-ms="1" status="PASS">
          <reporter-output>
          </reporter-output>
        </test-method> <!-- afterMethod -->
        <test-method is-config="true" signature="afterClass()[pri:0, instance:test.pack.ng.Demo1@242b836]" started-at="2024-06-08T13:22:48 IST" name="afterClass" finished-at="2024-06-08T13:22:48 IST" duration-ms="1" status="PASS">
          <reporter-output>
          </reporter-output>
        </test-method> <!-- afterClass -->
        <test-method is-config="true" signature="afterTest()[pri:0, instance:test.pack.ng.Demo1@242b836]" started-at="2024-06-08T13:22:48 IST" name="afterTest" finished-at="2024-06-08T13:22:48 IST" duration-ms="0" status="PASS">
          <reporter-output>
          </reporter-output>
        </test-method> <!-- afterTest -->
        <test-method is-config="true" signature="afterSuite()[pri:0, instance:test.pack.ng.Demo1@242b836]" started-at="2024-06-08T13:22:48 IST" name="afterSuite" finished-at="2024-06-08T13:22:48 IST" duration-ms="0" status="PASS">
          <reporter-output>
          </reporter-output>
        </test-method> <!-- afterSuite -->
      </class> <!-- test.pack.ng.Demo1 -->
    </test> <!-- Test -->
  </suite> <!-- Suite -->
</testng-results>
