<?xml version="1.0" encoding="UTF-8"?>
<!-- Generated by org.testng.reporters.JUnitXMLReporter -->
<testsuite ignored="0" hostname="DAC16" failures="0" tests="4" name="Test" time="4.859" errors="0" timestamp="2024-06-08T13:22:48 IST">
  <testcase classname="test.pack.ng.Demo4" name="f" time="0.003"/>
  <testcase classname="test.pack.ng.Demo3" name="f" time="0.001"/>
  <testcase classname="test.pack.ng.Demo2" name="f" time="4.818"/>
  <testcase classname="test.pack.ng.Demo1" name="Login" time="0.0"/>
</testsuite> <!-- Test -->
